2021-09-13 00:27:30 info: =================================
2021-09-13 00:27:30 info: ======= ENV: development =======
2021-09-13 00:27:30 info: 🚀 App listening on the port 8080
2021-09-13 00:27:30 info: =================================
2021-09-13 00:27:42 info: =================================
2021-09-13 00:27:42 info: ======= ENV: development =======
2021-09-13 00:27:42 info: 🚀 App listening on the port 8080
2021-09-13 00:27:42 info: =================================
2021-09-13 00:28:50 info: =================================
2021-09-13 00:28:50 info: ======= ENV: development =======
2021-09-13 00:28:50 info: 🚀 App listening on the port 8080
2021-09-13 00:28:50 info: =================================
2021-09-13 00:29:07 info: =================================
2021-09-13 00:29:07 info: ======= ENV: development =======
2021-09-13 00:29:07 info: 🚀 App listening on the port 8080
2021-09-13 00:29:07 info: =================================
2021-09-13 00:29:28 info: =================================
2021-09-13 00:29:28 info: ======= ENV: development =======
2021-09-13 00:29:28 info: 🚀 App listening on the port 8080
2021-09-13 00:29:28 info: =================================
2021-09-13 00:29:48 info: [0mGET / [36m304[0m 10.172 ms - -[0m
2021-09-13 00:29:48 info: [0mGET /robots.txt [33m404[0m 3.350 ms - 149[0m
2021-09-13 00:36:27 info: =================================
2021-09-13 09:27:58 info: =================================
2021-09-13 09:27:58 info: ======= ENV: development =======
2021-09-13 09:27:58 info: 🚀 App listening on the port 8080
2021-09-13 09:27:58 info: =================================
2021-09-13 09:28:03 info: [0mGET / [36m304[0m 9.343 ms - -[0m
2021-09-13 09:28:04 info: [0mGET /robots.txt [33m404[0m 3.607 ms - 149[0m
2021-09-13 09:28:04 info: [0mGET /favicon.ico [33m404[0m 1.722 ms - 150[0m
2021-09-13 09:38:09 info: =================================
2021-09-13 09:38:09 info: ======= ENV: development =======
2021-09-13 09:38:09 info: 🚀 App listening on the port 8080
2021-09-13 09:38:09 info: =================================
2021-09-13 09:38:22 info: =================================
2021-09-13 09:38:22 info: ======= ENV: development =======
2021-09-13 09:38:22 info: 🚀 App listening on the port 8080
2021-09-13 09:38:22 info: =================================
2021-09-13 09:38:47 info: =================================
2021-09-13 09:38:47 info: ======= ENV: development =======
2021-09-13 09:38:47 info: 🚀 App listening on the port 8080
2021-09-13 09:38:47 info: =================================
2021-09-13 09:38:51 info: =================================
2021-09-13 09:38:51 info: ======= ENV: development =======
2021-09-13 09:38:51 info: 🚀 App listening on the port 8080
2021-09-13 09:38:51 info: =================================
2021-09-13 09:39:53 info: =================================
2021-09-13 09:39:53 info: ======= ENV: development =======
2021-09-13 09:39:53 info: 🚀 App listening on the port 8080
2021-09-13 09:39:53 info: =================================
2021-09-13 09:40:45 info: =================================
2021-09-13 09:40:45 info: ======= ENV: development =======
2021-09-13 09:40:45 info: 🚀 App listening on the port 8080
2021-09-13 09:40:45 info: =================================
2021-09-13 09:41:05 info: =================================
2021-09-13 09:41:05 info: ======= ENV: development =======
2021-09-13 09:41:05 info: 🚀 App listening on the port 8080
2021-09-13 09:41:05 info: =================================
2021-09-13 09:42:03 info: =================================
2021-09-13 09:42:03 info: ======= ENV: development =======
2021-09-13 09:42:03 info: 🚀 App listening on the port 8080
2021-09-13 09:42:03 info: =================================
2021-09-13 09:42:28 info: =================================
2021-09-13 09:42:28 info: ======= ENV: development =======
2021-09-13 09:42:28 info: 🚀 App listening on the port 8080
2021-09-13 09:42:28 info: =================================
2021-09-13 09:42:45 info: =================================
2021-09-13 09:42:45 info: ======= ENV: development =======
2021-09-13 09:42:45 info: 🚀 App listening on the port 8080
2021-09-13 09:42:45 info: =================================
2021-09-13 09:43:12 info: =================================
2021-09-13 09:43:12 info: ======= ENV: development =======
2021-09-13 09:43:12 info: 🚀 App listening on the port 8080
2021-09-13 09:43:12 info: =================================
2021-09-13 09:44:08 info: =================================
2021-09-13 09:44:08 info: ======= ENV: development =======
2021-09-13 09:44:08 info: 🚀 App listening on the port 8080
2021-09-13 09:44:08 info: =================================
2021-09-13 09:56:35 info: =================================
2021-09-13 09:56:35 info: ======= ENV: development =======
2021-09-13 09:56:35 info: 🚀 App listening on the port 8080
2021-09-13 09:56:35 info: =================================
2021-09-13 09:57:20 info: =================================
2021-09-13 09:57:20 info: ======= ENV: development =======
2021-09-13 09:57:20 info: 🚀 App listening on the port 8080
2021-09-13 09:57:20 info: =================================
2021-09-13 10:03:31 info: =================================
2021-09-13 10:03:31 info: ======= ENV: development =======
2021-09-13 10:03:31 info: 🚀 App listening on the port 8080
2021-09-13 10:03:31 info: =================================
2021-09-13 10:03:51 info: =================================
2021-09-13 10:03:51 info: ======= ENV: development =======
2021-09-13 10:03:51 info: 🚀 App listening on the port 8080
2021-09-13 10:03:51 info: =================================
2021-09-13 10:06:25 info: =================================
2021-09-13 10:06:25 info: ======= ENV: development =======
2021-09-13 10:06:25 info: 🚀 App listening on the port 8080
2021-09-13 10:06:25 info: =================================
2021-09-13 10:06:45 info: =================================
2021-09-13 10:06:45 info: ======= ENV: development =======
2021-09-13 10:06:45 info: 🚀 App listening on the port 8080
2021-09-13 10:06:45 info: =================================
2021-09-13 10:07:46 info: =================================
2021-09-13 10:07:46 info: ======= ENV: development =======
2021-09-13 10:07:46 info: 🚀 App listening on the port 8080
2021-09-13 10:07:46 info: =================================
2021-09-13 10:12:23 info: =================================
2021-09-13 10:12:23 info: ======= ENV: development =======
2021-09-13 10:12:23 info: 🚀 App listening on the port 8080
2021-09-13 10:12:23 info: =================================
2021-09-13 10:12:30 info: [0mGET / [36m304[0m 13.009 ms - -[0m
2021-09-13 10:21:01 info: =================================
2021-09-13 10:21:01 info: ======= ENV: development =======
2021-09-13 10:21:01 info: 🚀 App listening on the port 8080
2021-09-13 10:21:01 info: =================================
2021-09-13 10:26:33 info: =================================
2021-09-13 10:26:33 info: ======= ENV: development =======
2021-09-13 10:26:33 info: 🚀 App listening on the port 8080
2021-09-13 10:26:33 info: =================================
2021-09-13 10:28:31 info: =================================
2021-09-13 10:28:31 info: ======= ENV: development =======
2021-09-13 10:28:31 info: 🚀 App listening on the port 8080
2021-09-13 10:28:31 info: =================================
2021-09-13 10:28:48 info: =================================
2021-09-13 10:28:48 info: ======= ENV: development =======
2021-09-13 10:28:48 info: 🚀 App listening on the port 8080
2021-09-13 10:28:48 info: =================================
2021-09-13 10:29:54 info: =================================
2021-09-13 10:29:54 info: ======= ENV: development =======
2021-09-13 10:29:54 info: 🚀 App listening on the port 8080
2021-09-13 10:29:54 info: =================================
2021-09-13 10:32:22 info: =================================
2021-09-13 10:32:22 info: ======= ENV: development =======
2021-09-13 10:32:22 info: 🚀 App listening on the port 8080
2021-09-13 10:32:22 info: =================================
2021-09-13 10:37:42 info: =================================
2021-09-13 10:37:42 info: ======= ENV: development =======
2021-09-13 10:37:42 info: 🚀 App listening on the port 8080
2021-09-13 10:37:42 info: =================================
2021-09-13 10:38:10 info: =================================
2021-09-13 10:38:10 info: ======= ENV: development =======
2021-09-13 10:38:10 info: 🚀 App listening on the port 8080
2021-09-13 10:38:10 info: =================================
2021-09-13 10:38:23 info: =================================
2021-09-13 10:38:23 info: ======= ENV: development =======
2021-09-13 10:38:23 info: 🚀 App listening on the port 8080
2021-09-13 10:38:23 info: =================================
2021-09-13 10:39:28 info: =================================
2021-09-13 10:39:28 info: ======= ENV: development =======
2021-09-13 10:39:28 info: 🚀 App listening on the port 8080
2021-09-13 10:39:28 info: =================================
2021-09-13 10:39:31 info: =================================
2021-09-13 10:39:31 info: ======= ENV: development =======
2021-09-13 10:39:31 info: 🚀 App listening on the port 8080
2021-09-13 10:39:31 info: =================================
2021-09-13 10:39:35 info: =================================
2021-09-13 10:39:35 info: ======= ENV: development =======
2021-09-13 10:39:35 info: 🚀 App listening on the port 8080
2021-09-13 10:39:35 info: =================================
2021-09-13 10:39:39 info: =================================
2021-09-13 10:39:39 info: ======= ENV: development =======
2021-09-13 10:39:39 info: 🚀 App listening on the port 8080
2021-09-13 10:39:39 info: =================================
2021-09-13 10:40:03 info: =================================
2021-09-13 10:40:03 info: ======= ENV: development =======
2021-09-13 10:40:03 info: 🚀 App listening on the port 8080
2021-09-13 10:40:03 info: =================================
2021-09-13 10:44:05 info: =================================
2021-09-13 10:44:05 info: ======= ENV: development =======
2021-09-13 10:44:05 info: 🚀 App listening on the port 8080
2021-09-13 10:44:05 info: =================================
2021-09-13 10:44:46 info: =================================
2021-09-13 10:44:46 info: ======= ENV: development =======
2021-09-13 10:44:46 info: 🚀 App listening on the port 8080
2021-09-13 10:44:46 info: =================================
2021-09-13 10:44:57 info: =================================
2021-09-13 10:44:57 info: ======= ENV: development =======
2021-09-13 10:44:57 info: 🚀 App listening on the port 8080
2021-09-13 10:44:57 info: =================================
2021-09-13 10:45:02 info: =================================
2021-09-13 10:45:02 info: ======= ENV: development =======
2021-09-13 10:45:02 info: 🚀 App listening on the port 8080
2021-09-13 10:45:02 info: =================================
2021-09-13 10:45:50 info: =================================
2021-09-13 10:45:50 info: ======= ENV: development =======
2021-09-13 10:45:50 info: 🚀 App listening on the port 8080
2021-09-13 10:45:50 info: =================================
2021-09-13 10:46:15 info: =================================
2021-09-13 10:46:15 info: ======= ENV: development =======
2021-09-13 10:46:15 info: 🚀 App listening on the port 8080
2021-09-13 10:46:15 info: =================================
2021-09-13 10:47:16 info: =================================
2021-09-13 10:47:16 info: ======= ENV: development =======
2021-09-13 10:47:16 info: 🚀 App listening on the port 8080
2021-09-13 10:47:16 info: =================================
2021-09-13 10:47:39 info: =================================
2021-09-13 10:47:39 info: ======= ENV: development =======
2021-09-13 10:47:39 info: 🚀 App listening on the port 8080
2021-09-13 10:47:39 info: =================================
2021-09-13 10:48:11 info: =================================
2021-09-13 10:48:11 info: ======= ENV: development =======
2021-09-13 10:48:11 info: 🚀 App listening on the port 8080
2021-09-13 10:48:11 info: =================================
2021-09-13 10:48:48 info: =================================
2021-09-13 10:48:48 info: ======= ENV: development =======
2021-09-13 10:48:48 info: 🚀 App listening on the port 8080
2021-09-13 10:48:48 info: =================================
2021-09-13 10:48:54 info: =================================
2021-09-13 10:48:54 info: ======= ENV: development =======
2021-09-13 10:48:54 info: 🚀 App listening on the port 8080
2021-09-13 10:48:54 info: =================================
2021-09-13 10:48:57 info: =================================
2021-09-13 10:48:57 info: ======= ENV: development =======
2021-09-13 10:48:57 info: 🚀 App listening on the port 8080
2021-09-13 10:48:57 info: =================================
2021-09-13 10:49:15 info: [0mGET / [36m304[0m 13.258 ms - -[0m
2021-09-13 10:49:40 info: =================================
2021-09-13 10:49:40 info: ======= ENV: development =======
2021-09-13 10:49:40 info: 🚀 App listening on the port 8080
2021-09-13 10:49:40 info: =================================
2021-09-13 10:49:46 info: [0mGET / [36m304[0m 10.389 ms - -[0m
2021-09-13 10:51:02 info: =================================
2021-09-13 10:51:02 info: ======= ENV: development =======
2021-09-13 10:51:02 info: 🚀 App listening on the port 8080
2021-09-13 10:51:02 info: =================================
2021-09-13 10:51:22 info: =================================
2021-09-13 10:51:22 info: ======= ENV: development =======
2021-09-13 10:51:22 info: 🚀 App listening on the port 8080
2021-09-13 10:51:22 info: =================================
2021-09-13 10:51:31 info: [0mGET / [36m304[0m 8.691 ms - -[0m
2021-09-13 10:52:23 info: [0mGET / [36m304[0m 2.940 ms - -[0m
2021-09-13 10:53:55 info: =================================
2021-09-13 10:53:55 info: ======= ENV: development =======
2021-09-13 10:53:55 info: 🚀 App listening on the port 8080
2021-09-13 10:53:55 info: =================================
2021-09-13 10:53:56 info: [0mGET / [36m304[0m 8.436 ms - -[0m
2021-09-13 10:56:33 info: =================================
2021-09-13 10:56:33 info: ======= ENV: development =======
2021-09-13 10:56:33 info: 🚀 App listening on the port 8080
2021-09-13 10:56:33 info: =================================
2021-09-13 10:56:45 info: =================================
2021-09-13 10:56:45 info: ======= ENV: development =======
2021-09-13 10:56:45 info: 🚀 App listening on the port 8080
2021-09-13 10:56:45 info: =================================
2021-09-13 10:56:46 info: [0mGET / [36m304[0m 9.963 ms - -[0m
2021-09-13 10:58:17 info: =================================
2021-09-13 10:58:17 info: ======= ENV: development =======
2021-09-13 10:58:17 info: 🚀 App listening on the port 8080
2021-09-13 10:58:17 info: =================================
2021-09-13 10:58:17 info: [0mGET / [36m304[0m 9.578 ms - -[0m
2021-09-13 10:59:46 info: =================================
2021-09-13 10:59:46 info: ======= ENV: development =======
2021-09-13 10:59:46 info: 🚀 App listening on the port 8080
2021-09-13 10:59:46 info: =================================
2021-09-13 11:00:03 info: =================================
2021-09-13 11:00:03 info: ======= ENV: development =======
2021-09-13 11:00:03 info: 🚀 App listening on the port 8080
2021-09-13 11:00:03 info: =================================
2021-09-13 11:00:03 info: [0mGET / [36m304[0m 9.865 ms - -[0m
2021-09-13 11:02:27 info: =================================
2021-09-13 11:02:27 info: ======= ENV: development =======
2021-09-13 11:02:27 info: 🚀 App listening on the port 8080
2021-09-13 11:02:27 info: =================================
2021-09-13 11:02:34 info: [0mGET / [36m304[0m 12.216 ms - -[0m
2021-09-13 11:02:45 info: [0mGET / [36m304[0m 1.654 ms - -[0m
2021-09-13 11:05:28 info: =================================
2021-09-13 11:05:28 info: ======= ENV: development =======
2021-09-13 11:05:28 info: 🚀 App listening on the port 8080
2021-09-13 11:05:28 info: =================================
2021-09-13 11:05:35 info: =================================
2021-09-13 11:05:35 info: ======= ENV: development =======
2021-09-13 11:05:35 info: 🚀 App listening on the port 8080
2021-09-13 11:05:35 info: =================================
2021-09-13 11:10:00 info: =================================
2021-09-13 11:10:00 info: ======= ENV: development =======
2021-09-13 11:10:00 info: 🚀 App listening on the port 8080
2021-09-13 11:10:00 info: =================================
2021-09-13 11:10:13 info: =================================
2021-09-13 11:10:13 info: ======= ENV: development =======
2021-09-13 11:10:13 info: 🚀 App listening on the port 8080
2021-09-13 11:10:13 info: =================================
2021-09-13 11:19:11 info: =================================
2021-09-13 11:19:11 info: ======= ENV: development =======
2021-09-13 11:19:11 info: 🚀 App listening on the port 8080
2021-09-13 11:19:11 info: =================================
2021-09-13 11:19:23 info: =================================
2021-09-13 11:19:23 info: ======= ENV: development =======
2021-09-13 11:19:23 info: 🚀 App listening on the port 8080
2021-09-13 11:19:23 info: =================================
2021-09-13 11:19:45 info: =================================
2021-09-13 11:19:45 info: ======= ENV: development =======
2021-09-13 11:19:45 info: 🚀 App listening on the port 8080
2021-09-13 11:19:45 info: =================================
2021-09-13 11:20:42 info: =================================
2021-09-13 11:20:42 info: ======= ENV: development =======
2021-09-13 11:20:42 info: 🚀 App listening on the port 8080
2021-09-13 11:20:42 info: =================================
2021-09-13 11:20:57 info: =================================
2021-09-13 11:20:57 info: ======= ENV: development =======
2021-09-13 11:20:57 info: 🚀 App listening on the port 8080
2021-09-13 11:20:57 info: =================================
2021-09-13 11:21:20 info: =================================
2021-09-13 11:21:20 info: ======= ENV: development =======
2021-09-13 11:21:20 info: 🚀 App listening on the port 8080
2021-09-13 11:21:20 info: =================================
2021-09-13 11:21:35 info: =================================
2021-09-13 11:21:35 info: ======= ENV: development =======
2021-09-13 11:21:35 info: 🚀 App listening on the port 8080
2021-09-13 11:21:35 info: =================================
2021-09-13 11:23:41 info: =================================
2021-09-13 11:23:41 info: ======= ENV: development =======
2021-09-13 11:23:41 info: 🚀 App listening on the port 8080
2021-09-13 11:23:41 info: =================================
2021-09-13 11:24:34 info: =================================
2021-09-13 11:24:34 info: ======= ENV: development =======
2021-09-13 11:24:34 info: 🚀 App listening on the port 8080
2021-09-13 11:24:34 info: =================================
2021-09-13 11:25:08 info: =================================
2021-09-13 11:25:08 info: ======= ENV: development =======
2021-09-13 11:25:08 info: 🚀 App listening on the port 8080
2021-09-13 11:25:08 info: =================================
2021-09-13 11:26:49 info: =================================
2021-09-13 11:26:49 info: ======= ENV: development =======
2021-09-13 11:26:49 info: 🚀 App listening on the port 8080
2021-09-13 11:26:49 info: =================================
2021-09-13 11:27:15 info: =================================
2021-09-13 11:27:15 info: ======= ENV: development =======
2021-09-13 11:27:15 info: 🚀 App listening on the port 8080
2021-09-13 11:27:15 info: =================================
2021-09-13 11:27:45 info: =================================
2021-09-13 11:27:45 info: ======= ENV: development =======
2021-09-13 11:27:45 info: 🚀 App listening on the port 8080
2021-09-13 11:27:45 info: =================================
2021-09-13 11:28:21 info: =================================
2021-09-13 11:28:21 info: ======= ENV: development =======
2021-09-13 11:28:21 info: 🚀 App listening on the port 8080
2021-09-13 11:28:21 info: =================================
2021-09-13 11:28:31 info: =================================
2021-09-13 11:28:31 info: ======= ENV: development =======
2021-09-13 11:28:31 info: 🚀 App listening on the port 8080
2021-09-13 11:28:31 info: =================================
2021-09-13 11:32:15 info: =================================
2021-09-13 11:32:15 info: ======= ENV: development =======
2021-09-13 11:32:15 info: 🚀 App listening on the port 8080
2021-09-13 11:32:15 info: =================================
2021-09-13 11:39:18 info: =================================
2021-09-13 11:39:18 info: ======= ENV: development =======
2021-09-13 11:39:18 info: 🚀 App listening on the port 8080
2021-09-13 11:39:18 info: =================================
2021-09-13 11:39:37 info: =================================
2021-09-13 11:39:37 info: ======= ENV: development =======
2021-09-13 11:39:37 info: 🚀 App listening on the port 8080
2021-09-13 11:39:37 info: =================================
2021-09-13 11:39:55 info: [0mGET / [36m304[0m 11.489 ms - -[0m
2021-09-13 11:39:55 info: [0mGET /robots.txt [33m404[0m 3.943 ms - 149[0m
2021-09-13 11:40:17 info: =================================
2021-09-13 11:40:17 info: ======= ENV: development =======
2021-09-13 11:40:17 info: 🚀 App listening on the port 8080
2021-09-13 11:40:17 info: =================================
2021-09-13 11:43:25 info: =================================
2021-09-13 11:43:25 info: ======= ENV: development =======
2021-09-13 11:43:25 info: 🚀 App listening on the port 8080
2021-09-13 11:43:25 info: =================================
2021-09-13 11:43:42 info: =================================
2021-09-13 11:43:42 info: ======= ENV: development =======
2021-09-13 11:43:42 info: 🚀 App listening on the port 8080
2021-09-13 11:43:42 info: =================================
2021-09-13 11:45:51 info: =================================
2021-09-13 11:45:51 info: ======= ENV: development =======
2021-09-13 11:45:51 info: 🚀 App listening on the port 8080
2021-09-13 11:45:51 info: =================================
2021-09-13 14:55:34 info: =================================
2021-09-13 14:55:34 info: ======= ENV: development =======
2021-09-13 14:55:34 info: 🚀 App listening on the port 8080
2021-09-13 14:55:34 info: =================================
2021-09-13 14:57:08 info: [0mGET / [36m304[0m 12.452 ms - -[0m
2021-09-13 14:57:08 info: [0mGET /robots.txt [33m404[0m 6.305 ms - 149[0m
2021-09-13 14:59:59 info: =================================
2021-09-13 14:59:59 info: ======= ENV: development =======
2021-09-13 14:59:59 info: 🚀 App listening on the port 8080
2021-09-13 14:59:59 info: =================================
2021-09-13 15:05:09 info: =================================
2021-09-13 15:05:09 info: ======= ENV: development =======
2021-09-13 15:05:09 info: 🚀 App listening on the port 8080
2021-09-13 15:05:09 info: =================================
2021-09-13 15:12:28 info: =================================
2021-09-13 15:12:28 info: ======= ENV: development =======
2021-09-13 15:12:28 info: 🚀 App listening on the port 8080
2021-09-13 15:12:28 info: =================================
2021-09-13 15:12:38 info: [0mGET / [36m304[0m 12.792 ms - -[0m
2021-09-13 15:12:38 info: [0mGET /robots.txt [33m404[0m 4.946 ms - 149[0m
2021-09-13 15:13:23 info: =================================
2021-09-13 15:13:23 info: ======= ENV: development =======
2021-09-13 15:13:23 info: 🚀 App listening on the port 8080
2021-09-13 15:13:23 info: =================================
2021-09-13 15:19:10 info: =================================
2021-09-13 15:19:10 info: ======= ENV: development =======
2021-09-13 15:19:10 info: 🚀 App listening on the port 8080
2021-09-13 15:19:10 info: =================================
2021-09-13 15:21:28 info: =================================
2021-09-13 15:21:28 info: ======= ENV: development =======
2021-09-13 15:21:28 info: 🚀 App listening on the port 8080
2021-09-13 15:21:28 info: =================================
2021-09-13 15:22:24 info: =================================
2021-09-13 15:22:24 info: ======= ENV: development =======
2021-09-13 15:22:24 info: 🚀 App listening on the port 8080
2021-09-13 15:22:24 info: =================================
2021-09-13 15:22:37 info: =================================
2021-09-13 15:22:37 info: ======= ENV: development =======
2021-09-13 15:22:37 info: 🚀 App listening on the port 8080
2021-09-13 15:22:37 info: =================================
2021-09-13 15:22:54 info: =================================
2021-09-13 15:22:54 info: ======= ENV: development =======
2021-09-13 15:22:54 info: 🚀 App listening on the port 8080
2021-09-13 15:22:54 info: =================================
2021-09-13 15:23:47 info: =================================
2021-09-13 15:23:47 info: ======= ENV: development =======
2021-09-13 15:23:47 info: 🚀 App listening on the port 8080
2021-09-13 15:23:47 info: =================================
2021-09-13 15:25:00 info: =================================
2021-09-13 15:25:00 info: ======= ENV: development =======
2021-09-13 15:25:00 info: 🚀 App listening on the port 8080
2021-09-13 15:25:00 info: =================================
2021-09-13 15:36:04 info: =================================
2021-09-13 15:36:04 info: ======= ENV: development =======
2021-09-13 15:36:04 info: 🚀 App listening on the port 8080
2021-09-13 15:36:04 info: =================================
2021-09-13 15:37:26 info: =================================
2021-09-13 15:37:26 info: ======= ENV: development =======
2021-09-13 15:37:26 info: 🚀 App listening on the port 8080
2021-09-13 15:37:26 info: =================================
2021-09-13 15:38:04 info: [0mGET / [36m304[0m 11.696 ms - -[0m
2021-09-13 15:38:04 info: [0mGET /robots.txt [33m404[0m 3.296 ms - 149[0m
2021-09-13 15:54:21 info: =================================
2021-09-13 15:54:21 info: ======= ENV: development =======
2021-09-13 15:54:21 info: 🚀 App listening on the port 8080
2021-09-13 15:54:21 info: =================================
2021-09-13 15:54:56 info: =================================
2021-09-13 15:54:56 info: ======= ENV: development =======
2021-09-13 15:54:56 info: 🚀 App listening on the port 8080
2021-09-13 15:54:56 info: =================================
2021-09-13 15:57:22 info: =================================
2021-09-13 15:57:22 info: ======= ENV: development =======
2021-09-13 15:57:22 info: 🚀 App listening on the port 8080
2021-09-13 15:57:22 info: =================================
2021-09-13 21:45:36 info: =================================
2021-09-13 21:45:36 info: ======= ENV: development =======
2021-09-13 21:45:36 info: 🚀 App listening on the port 8080
2021-09-13 21:45:36 info: =================================
2021-09-13 21:46:07 info: =================================
2021-09-13 21:46:07 info: ======= ENV: development =======
2021-09-13 21:46:07 info: 🚀 App listening on the port 8080
2021-09-13 21:46:07 info: =================================
2021-09-13 21:46:48 info: =================================
2021-09-13 21:46:48 info: ======= ENV: development =======
2021-09-13 21:46:48 info: 🚀 App listening on the port 8080
2021-09-13 21:46:48 info: =================================
2021-09-13 21:47:23 info: =================================
