2021-09-14 10:04:35 info: =================================
2021-09-14 10:04:35 info: ======= ENV: development =======
2021-09-14 10:04:35 info: 🚀 App listening on the port 8080
2021-09-14 10:04:35 info: =================================
2021-09-14 10:07:07 info: =================================
2021-09-14 10:07:07 info: ======= ENV: development =======
2021-09-14 10:07:07 info: 🚀 App listening on the port 8080
2021-09-14 10:07:07 info: =================================
2021-09-14 10:09:02 info: =================================
2021-09-14 10:09:02 info: ======= ENV: development =======
2021-09-14 10:09:02 info: 🚀 App listening on the port 8080
2021-09-14 10:09:02 info: =================================
2021-09-14 10:09:17 info: =================================
2021-09-14 10:09:17 info: ======= ENV: development =======
2021-09-14 10:09:17 info: 🚀 App listening on the port 8080
2021-09-14 10:09:17 info: =================================
2021-09-14 10:09:20 info: =================================
2021-09-14 10:09:20 info: ======= ENV: development =======
2021-09-14 10:09:20 info: 🚀 App listening on the port 8080
2021-09-14 10:09:20 info: =================================
2021-09-14 10:09:35 info: =================================
2021-09-14 10:09:35 info: ======= ENV: development =======
2021-09-14 10:09:35 info: 🚀 App listening on the port 8080
2021-09-14 10:09:35 info: =================================
2021-09-14 10:10:21 info: [0mGET /?code=1000.0a5bf9ad8ec02735d14883e250336d6d.96203a14b71c7a3c51bf10e09e32c4f5&location=us&accounts-server=https%3A%2F%2Faccounts.zoho.com& [32m200[0m 11.144 ms - 2[0m
2021-09-14 10:10:21 info: [0mGET /robots.txt [33m404[0m 4.785 ms - 149[0m
2021-09-14 10:10:21 info: [0mGET /favicon.ico [33m404[0m 1.135 ms - 150[0m
2021-09-14 10:14:11 info: =================================
2021-09-14 10:14:11 info: ======= ENV: development =======
2021-09-14 10:14:11 info: 🚀 App listening on the port 8080
2021-09-14 10:14:11 info: =================================
2021-09-14 10:16:04 info: =================================
2021-09-14 10:16:04 info: ======= ENV: development =======
2021-09-14 10:16:04 info: 🚀 App listening on the port 8080
2021-09-14 10:16:04 info: =================================
2021-09-14 10:16:56 info: =================================
2021-09-14 10:16:56 info: ======= ENV: development =======
2021-09-14 10:16:56 info: 🚀 App listening on the port 8080
2021-09-14 10:16:56 info: =================================
2021-09-14 10:17:53 info: =================================
2021-09-14 10:17:53 info: ======= ENV: development =======
2021-09-14 10:17:53 info: 🚀 App listening on the port 8080
2021-09-14 10:17:53 info: =================================
2021-09-14 10:18:15 info: [0mGET /?code=1000.b016e3e5a93feaf3f60d7bb02ccb7720.7b88e6f12ce616eeed5c73a14abe23cf&location=us&accounts-server=https%3A%2F%2Faccounts.zoho.com [32m200[0m 9.163 ms - 2[0m
2021-09-14 10:18:33 info: [0mGET /?code=1000.4dc5cb36ffb1b2e2508047ac5675c1d4.539a07f39850cb15c22ebae7ca98f703&location=us&accounts-server=https%3A%2F%2Faccounts.zoho.com [32m200[0m 1.737 ms - 2[0m
2021-09-14 10:18:59 info: =================================
2021-09-14 10:18:59 info: ======= ENV: development =======
2021-09-14 10:18:59 info: 🚀 App listening on the port 8080
2021-09-14 10:18:59 info: =================================
2021-09-14 10:19:13 info: =================================
2021-09-14 10:19:13 info: ======= ENV: development =======
2021-09-14 10:19:13 info: 🚀 App listening on the port 8080
2021-09-14 10:19:13 info: =================================
2021-09-14 10:20:09 info: =================================
2021-09-14 10:20:09 info: ======= ENV: development =======
2021-09-14 10:20:09 info: 🚀 App listening on the port 8080
2021-09-14 10:20:09 info: =================================
2021-09-14 10:20:28 info: =================================
2021-09-14 10:20:28 info: ======= ENV: development =======
2021-09-14 10:20:28 info: 🚀 App listening on the port 8080
2021-09-14 10:20:28 info: =================================
2021-09-14 10:20:33 info: =================================
2021-09-14 10:20:33 info: ======= ENV: development =======
2021-09-14 10:20:33 info: 🚀 App listening on the port 8080
2021-09-14 10:20:33 info: =================================
2021-09-14 10:20:46 info: [0mGET /robots.txt [33m404[0m 11.700 ms - 149[0m
2021-09-14 10:21:05 info: =================================
2021-09-14 10:21:05 info: ======= ENV: development =======
2021-09-14 10:21:05 info: 🚀 App listening on the port 8080
2021-09-14 10:21:05 info: =================================
2021-09-14 10:21:21 info: =================================
2021-09-14 10:21:21 info: ======= ENV: development =======
2021-09-14 10:21:21 info: 🚀 App listening on the port 8080
2021-09-14 10:21:21 info: =================================
2021-09-14 10:21:33 info: =================================
2021-09-14 10:21:33 info: ======= ENV: development =======
2021-09-14 10:21:33 info: 🚀 App listening on the port 8080
2021-09-14 10:21:33 info: =================================
2021-09-14 10:21:42 info: [0mGET /?code=1000.b016e3e5a93feaf3f60d7bb02ccb7720.7b88e6f12ce616eeed5c73a14abe23cf&location=us&accounts-server=https%3A%2F%2Faccounts.zoho.com [36m304[0m 10.555 ms - -[0m
2021-09-14 10:21:43 info: [0mGET /?code=1000.b016e3e5a93feaf3f60d7bb02ccb7720.7b88e6f12ce616eeed5c73a14abe23cf&location=us&accounts-server=https%3A%2F%2Faccounts.zoho.com [36m304[0m 0.779 ms - -[0m
2021-09-14 10:21:44 info: [0mGET /?code=1000.b016e3e5a93feaf3f60d7bb02ccb7720.7b88e6f12ce616eeed5c73a14abe23cf&location=us&accounts-server=https%3A%2F%2Faccounts.zoho.com [36m304[0m 1.116 ms - -[0m
2021-09-14 10:22:32 info: =================================
2021-09-14 10:22:32 info: ======= ENV: development =======
2021-09-14 10:22:32 info: 🚀 App listening on the port 8080
2021-09-14 10:22:32 info: =================================
2021-09-14 10:22:59 info: =================================
2021-09-14 10:22:59 info: ======= ENV: development =======
2021-09-14 10:22:59 info: 🚀 App listening on the port 8080
2021-09-14 10:22:59 info: =================================
2021-09-14 10:23:01 info: [0mGET /?code=1000.21aa0c0d2befafb5232d0ff2d3144c6d.dc981c08a4d7d69932962d33f8a754e1&location=us&accounts-server=https%3A%2F%2Faccounts.zoho.com [32m200[0m 11.115 ms - 2[0m
2021-09-14 10:24:01 info: =================================
2021-09-14 10:24:01 info: ======= ENV: development =======
2021-09-14 10:24:01 info: 🚀 App listening on the port 8080
2021-09-14 10:24:01 info: =================================
2021-09-14 10:24:14 info: =================================
2021-09-14 10:24:14 info: ======= ENV: development =======
2021-09-14 10:24:14 info: 🚀 App listening on the port 8080
2021-09-14 10:24:14 info: =================================
2021-09-14 10:24:26 info: [0mGET /?code=1000.4b0879c8ec7de7c866467eba6c80dece.e8b945646584f363ce9ad4d92818b273&location=us&accounts-server=https%3A%2F%2Faccounts.zoho.com [32m200[0m 9.404 ms - 2[0m
2021-09-14 10:24:43 info: =================================
2021-09-14 10:24:43 info: ======= ENV: development =======
2021-09-14 10:24:43 info: 🚀 App listening on the port 8080
2021-09-14 10:24:43 info: =================================
2021-09-14 10:25:14 info: =================================
2021-09-14 10:25:14 info: ======= ENV: development =======
2021-09-14 10:25:14 info: 🚀 App listening on the port 8080
2021-09-14 10:25:14 info: =================================
2021-09-14 10:25:22 info: =================================
2021-09-14 10:25:22 info: ======= ENV: development =======
2021-09-14 10:25:22 info: 🚀 App listening on the port 8080
2021-09-14 10:25:22 info: =================================
2021-09-14 10:25:58 info: =================================
2021-09-14 10:25:58 info: ======= ENV: development =======
2021-09-14 10:25:58 info: 🚀 App listening on the port 8080
2021-09-14 10:25:58 info: =================================
2021-09-14 10:26:43 info: =================================
2021-09-14 10:26:43 info: ======= ENV: development =======
2021-09-14 10:26:43 info: 🚀 App listening on the port 8080
2021-09-14 10:26:43 info: =================================
2021-09-14 10:26:56 info: =================================
2021-09-14 10:26:56 info: ======= ENV: development =======
2021-09-14 10:26:56 info: 🚀 App listening on the port 8080
2021-09-14 10:26:56 info: =================================
2021-09-14 10:31:55 info: =================================
2021-09-14 10:31:55 info: ======= ENV: development =======
2021-09-14 10:31:55 info: 🚀 App listening on the port 8080
2021-09-14 10:31:55 info: =================================
2021-09-14 10:34:27 info: =================================
2021-09-14 10:34:27 info: ======= ENV: development =======
2021-09-14 10:34:27 info: 🚀 App listening on the port 8080
2021-09-14 10:34:27 info: =================================
2021-09-14 10:34:46 info: =================================
2021-09-14 10:34:46 info: ======= ENV: development =======
2021-09-14 10:34:46 info: 🚀 App listening on the port 8080
2021-09-14 10:34:46 info: =================================
2021-09-14 10:35:04 info: =================================
2021-09-14 10:35:04 info: ======= ENV: development =======
2021-09-14 10:35:04 info: 🚀 App listening on the port 8080
2021-09-14 10:35:04 info: =================================
2021-09-14 10:35:25 info: [0mGET /?code=1000.0a3f0b2272240bcac30101f79cef9dbe.558f7065ed377640e9879952d52cdd2b&location=us&accounts-server=https%3A%2F%2Faccounts.zoho.com [32m200[0m 9.310 ms - 2[0m
2021-09-14 10:35:25 info: [0mGET /robots.txt [33m404[0m 4.779 ms - 149[0m
2021-09-14 10:35:52 info: =================================
2021-09-14 10:35:52 info: ======= ENV: development =======
2021-09-14 10:35:52 info: 🚀 App listening on the port 8080
2021-09-14 10:35:52 info: =================================
2021-09-14 10:37:33 info: =================================
2021-09-14 10:37:33 info: ======= ENV: development =======
2021-09-14 10:37:33 info: 🚀 App listening on the port 8080
2021-09-14 10:37:33 info: =================================
2021-09-14 10:37:39 info: =================================
2021-09-14 10:37:39 info: ======= ENV: development =======
2021-09-14 10:37:39 info: 🚀 App listening on the port 8080
2021-09-14 10:37:39 info: =================================
2021-09-14 10:37:51 info: =================================
2021-09-14 10:37:51 info: ======= ENV: development =======
2021-09-14 10:37:51 info: 🚀 App listening on the port 8080
2021-09-14 10:37:51 info: =================================
2021-09-14 10:38:10 info: [0mGET /?code=1000.5c90223efd5461dac9d213e0925408bf.cfd86ebe620940440f9c4645c5f12789&location=us&accounts-server=https%3A%2F%2Faccounts.zoho.com [32m200[0m 12.894 ms - 2[0m
2021-09-14 10:39:06 info: =================================
2021-09-14 10:39:06 info: ======= ENV: development =======
2021-09-14 10:39:06 info: 🚀 App listening on the port 8080
2021-09-14 10:39:06 info: =================================
2021-09-14 10:39:13 info: =================================
2021-09-14 10:39:13 info: ======= ENV: development =======
2021-09-14 10:39:13 info: 🚀 App listening on the port 8080
2021-09-14 10:39:13 info: =================================
2021-09-14 10:39:58 info: =================================
2021-09-14 10:39:58 info: ======= ENV: development =======
2021-09-14 10:39:58 info: 🚀 App listening on the port 8080
2021-09-14 10:39:58 info: =================================
2021-09-14 12:32:15 info: =================================
2021-09-14 12:32:15 info: ======= ENV: development =======
2021-09-14 12:32:15 info: 🚀 App listening on the port 8080
2021-09-14 12:32:15 info: =================================
2021-09-14 12:32:40 info: =================================
2021-09-14 12:32:40 info: ======= ENV: development =======
2021-09-14 12:32:40 info: 🚀 App listening on the port 8080
2021-09-14 12:32:40 info: =================================
2021-09-14 12:32:49 info: =================================
2021-09-14 12:32:49 info: ======= ENV: development =======
2021-09-14 12:32:49 info: 🚀 App listening on the port 8080
2021-09-14 12:32:49 info: =================================
2021-09-14 12:33:03 info: =================================
2021-09-14 12:33:03 info: ======= ENV: development =======
2021-09-14 12:33:03 info: 🚀 App listening on the port 8080
2021-09-14 12:33:03 info: =================================
2021-09-14 12:33:28 info: =================================
2021-09-14 12:33:28 info: ======= ENV: development =======
2021-09-14 12:33:28 info: 🚀 App listening on the port 8080
2021-09-14 12:33:28 info: =================================
2021-09-14 12:35:14 info: =================================
2021-09-14 12:35:14 info: ======= ENV: development =======
2021-09-14 12:35:14 info: 🚀 App listening on the port 8080
2021-09-14 12:35:14 info: =================================
2021-09-14 12:35:36 info: =================================
2021-09-14 12:35:36 info: ======= ENV: development =======
2021-09-14 12:35:36 info: 🚀 App listening on the port 8080
2021-09-14 12:35:36 info: =================================
2021-09-14 12:35:50 info: =================================
2021-09-14 12:35:50 info: ======= ENV: development =======
2021-09-14 12:35:50 info: 🚀 App listening on the port 8080
2021-09-14 12:35:50 info: =================================
2021-09-14 12:36:48 info: [0mGET /?code=1000.5c90223efd5461dac9d213e0925408bf.cfd86ebe620940440f9c4645c5f12789&location=us&accounts-server=https%3A%2F%2Faccounts.zoho.com [36m304[0m 8.586 ms - -[0m
2021-09-14 12:36:49 info: [0mGET /?code=1000.5c90223efd5461dac9d213e0925408bf.cfd86ebe620940440f9c4645c5f12789&location=us&accounts-server=https%3A%2F%2Faccounts.zoho.com [36m304[0m 1.203 ms - -[0m
2021-09-14 12:36:56 info: [0mGET /robots.txt [33m404[0m 3.104 ms - 149[0m
2021-09-14 12:37:50 info: [0mGET /?code=1000.1d0706ac1c24a43e1d633b7d12bdf7cb.e1436b238210ab738fc9f3eb20cc4c7d&location=us&accounts-server=https%3A%2F%2Faccounts.zoho.com [32m200[0m 0.993 ms - 2[0m
2021-09-14 12:39:16 info: [0mGET /?code=1000.1d0706ac1c24a43e1d633b7d12bdf7cb.e1436b238210ab738fc9f3eb20cc4c7d&location=us&accounts-server=https%3A%2F%2Faccounts.zoho.com [32m200[0m 0.997 ms - 2[0m
2021-09-14 12:39:30 info: [0mGET /?code=1000.7f86bf1e46348d898a027237654b1443.d5b24faa18421ddcc3c16eabd7f62d06&location=us&accounts-server=https%3A%2F%2Faccounts.zoho.com [32m200[0m 1.188 ms - 2[0m
2021-09-14 12:43:20 info: =================================
2021-09-14 12:43:20 info: ======= ENV: development =======
2021-09-14 12:43:20 info: 🚀 App listening on the port 8080
2021-09-14 12:43:20 info: =================================
2021-09-14 12:48:10 info: [0mGET /?code=1000.fafe5e7dacae7edf91f670f459d3e92a.6d15be4081946cc31943a2310d031046&location=us&accounts-server=https%3A%2F%2Faccounts.zoho.com& [32m200[0m 10.274 ms - 2[0m
2021-09-14 12:48:10 info: [0mGET /robots.txt [33m404[0m 4.117 ms - 149[0m
2021-09-14 12:49:25 info: =================================
2021-09-14 12:49:25 info: ======= ENV: development =======
2021-09-14 12:49:25 info: 🚀 App listening on the port 8080
2021-09-14 12:49:25 info: =================================
2021-09-14 12:55:43 info: =================================
2021-09-14 12:55:43 info: ======= ENV: development =======
2021-09-14 12:55:43 info: 🚀 App listening on the port 8080
2021-09-14 12:55:43 info: =================================
2021-09-14 12:56:05 info: =================================
2021-09-14 12:56:05 info: ======= ENV: development =======
2021-09-14 12:56:05 info: 🚀 App listening on the port 8080
2021-09-14 12:56:05 info: =================================
2021-09-14 12:56:26 info: [0mGET /?code=1000.174ddcd835b027de7c7b09fb0a3681ee.c4352ac3cfa3e788438c8f0c3ca18779&location=us&accounts-server=https%3A%2F%2Faccounts.zoho.com& [32m200[0m 10.502 ms - 2[0m
2021-09-14 12:56:27 info: [0mGET /robots.txt [33m404[0m 2.553 ms - 149[0m
2021-09-14 12:56:46 info: =================================
2021-09-14 12:56:46 info: ======= ENV: development =======
2021-09-14 12:56:46 info: 🚀 App listening on the port 8080
2021-09-14 12:56:46 info: =================================
2021-09-14 12:57:43 info: =================================
2021-09-14 12:57:43 info: ======= ENV: development =======
2021-09-14 12:57:43 info: 🚀 App listening on the port 8080
2021-09-14 12:57:43 info: =================================
2021-09-14 12:58:35 info: =================================
2021-09-14 12:58:35 info: ======= ENV: development =======
2021-09-14 12:58:35 info: 🚀 App listening on the port 8080
2021-09-14 12:58:35 info: =================================
2021-09-14 12:59:29 info: [0mGET /?code=1000.7bd53fd4caf9d76a2e91742c6cf62e5e.3f8aa2c2c31ed83afa6ad7587a8a3afb&location=us&accounts-server=https%3A%2F%2Faccounts.zoho.com& [32m200[0m 10.694 ms - 2[0m
2021-09-14 12:59:51 info: =================================
2021-09-14 12:59:51 info: ======= ENV: development =======
2021-09-14 12:59:51 info: 🚀 App listening on the port 8080
2021-09-14 12:59:51 info: =================================
2021-09-14 13:02:15 info: =================================
2021-09-14 13:02:15 info: ======= ENV: development =======
2021-09-14 13:02:15 info: 🚀 App listening on the port 8080
2021-09-14 13:02:15 info: =================================
2021-09-14 13:02:34 info: =================================
2021-09-14 13:02:34 info: ======= ENV: development =======
2021-09-14 13:02:34 info: 🚀 App listening on the port 8080
2021-09-14 13:02:34 info: =================================
2021-09-14 13:34:56 info: =================================
2021-09-14 13:34:56 info: ======= ENV: development =======
2021-09-14 13:34:56 info: 🚀 App listening on the port 8080
2021-09-14 13:34:56 info: =================================
2021-09-14 13:35:55 info: =================================
2021-09-14 13:35:55 info: ======= ENV: development =======
2021-09-14 13:35:55 info: 🚀 App listening on the port 8080
2021-09-14 13:35:55 info: =================================
2021-09-14 13:36:14 info: =================================
2021-09-14 13:36:14 info: ======= ENV: development =======
2021-09-14 13:36:14 info: 🚀 App listening on the port 8080
2021-09-14 13:36:14 info: =================================
2021-09-14 13:37:44 info: =================================
2021-09-14 13:37:44 info: ======= ENV: development =======
2021-09-14 13:37:44 info: 🚀 App listening on the port 8080
2021-09-14 13:37:44 info: =================================
2021-09-14 13:38:35 info: =================================
2021-09-14 13:38:35 info: ======= ENV: development =======
2021-09-14 13:38:35 info: 🚀 App listening on the port 8080
2021-09-14 13:38:35 info: =================================
2021-09-14 13:39:09 info: =================================
2021-09-14 13:39:09 info: ======= ENV: development =======
2021-09-14 13:39:09 info: 🚀 App listening on the port 8080
2021-09-14 13:39:09 info: =================================
2021-09-14 13:39:22 info: =================================
2021-09-14 13:39:22 info: ======= ENV: development =======
2021-09-14 13:39:22 info: 🚀 App listening on the port 8080
2021-09-14 13:39:22 info: =================================
2021-09-14 13:40:00 info: =================================
2021-09-14 13:40:00 info: ======= ENV: development =======
2021-09-14 13:40:00 info: 🚀 App listening on the port 8080
2021-09-14 13:40:00 info: =================================
2021-09-14 13:42:26 info: =================================
2021-09-14 13:42:26 info: ======= ENV: development =======
2021-09-14 13:42:26 info: 🚀 App listening on the port 8080
2021-09-14 13:42:26 info: =================================
2021-09-14 13:45:45 info: =================================
2021-09-14 13:45:45 info: ======= ENV: development =======
2021-09-14 13:45:45 info: 🚀 App listening on the port 8080
2021-09-14 13:45:45 info: =================================
2021-09-14 13:45:54 info: =================================
2021-09-14 13:45:54 info: ======= ENV: development =======
2021-09-14 13:45:54 info: 🚀 App listening on the port 8080
2021-09-14 13:45:54 info: =================================
